2019-04-24 14:51:14.079 +02:00 [FTL] Application startup exception
Autofac.Core.DependencyResolutionException: An exception was thrown while activating Microsoft.AspNetCore.Server.Kestrel.Core.KestrelServer. ---> Autofac.Core.DependencyResolutionException: An exception was thrown while invoking the constructor 'Void .ctor(Microsoft.Extensions.Options.IOptions`1[Microsoft.AspNetCore.Server.Kestrel.Core.KestrelServerOptions], Microsoft.AspNetCore.Server.Kestrel.Transport.Abstractions.Internal.ITransportFactory, Microsoft.Extensions.Logging.ILoggerFactory)' on type 'KestrelServer'. ---> Internal.Cryptography.CryptoThrowHelper+WindowsCryptographicException: Het systeem kan het opgegeven bestand niet vinden
   at Internal.Cryptography.Pal.CertificatePal.FromBlobOrFile(Byte[] rawData, String fileName, SafePasswordHandle password, X509KeyStorageFlags keyStorageFlags)
   at System.Security.Cryptography.X509Certificates.X509Certificate..ctor(String fileName, String password, X509KeyStorageFlags keyStorageFlags)
   at Be.Vlaanderen.Basisregisters.Api.DevelopmentCertificate.ToCertificate() in /root/project/src/Be.Vlaanderen.Basisregisters.Api/ProgramDefaults.cs:line 32
   at Be.Vlaanderen.Basisregisters.Api.ProgramDefaults.<>c__DisplayClass0_0`1.<UseDefaultForApi>b__0(KestrelServerOptions x) in /root/project/src/Be.Vlaanderen.Basisregisters.Api/ProgramDefaults.cs:line 97
   at Microsoft.Extensions.Options.OptionsFactory`1.Create(String name)
   at System.Lazy`1.ViaFactory(LazyThreadSafetyMode mode)
   at System.Lazy`1.ExecutionAndPublication(LazyHelper executionAndPublication, Boolean useDefaultConstructor)
   at System.Lazy`1.CreateValue()
   at Microsoft.AspNetCore.Server.Kestrel.Core.KestrelServer.CreateServiceContext(IOptions`1 options, ILoggerFactory loggerFactory)
   at lambda_method(Closure , Object[] )
   at Autofac.Core.Activators.Reflection.ConstructorParameterBinding.Instantiate() in C:\projects\autofac\src\Autofac\Core\Activators\Reflection\ConstructorParameterBinding.cs:line 127
   --- End of inner exception stack trace ---
   at Autofac.Core.Activators.Reflection.ConstructorParameterBinding.Instantiate() in C:\projects\autofac\src\Autofac\Core\Activators\Reflection\ConstructorParameterBinding.cs:line 135
   at Autofac.Core.Activators.Reflection.ReflectionActivator.ActivateInstance(IComponentContext context, IEnumerable`1 parameters) in C:\projects\autofac\src\Autofac\Core\Activators\Reflection\ReflectionActivator.cs:line 120
   at Autofac.Core.Resolving.InstanceLookup.Activate(IEnumerable`1 parameters, Object& decoratorTarget) in C:\projects\autofac\src\Autofac\Core\Resolving\InstanceLookup.cs:line 118
   --- End of inner exception stack trace ---
   at Autofac.Core.Resolving.InstanceLookup.Activate(IEnumerable`1 parameters, Object& decoratorTarget) in C:\projects\autofac\src\Autofac\Core\Resolving\InstanceLookup.cs:line 136
   at Autofac.Core.Lifetime.LifetimeScope.GetOrCreateAndShare(Guid id, Func`1 creator) in C:\projects\autofac\src\Autofac\Core\Lifetime\LifetimeScope.cs:line 306
   at Autofac.Core.Resolving.InstanceLookup.Execute() in C:\projects\autofac\src\Autofac\Core\Resolving\InstanceLookup.cs:line 85
   at Autofac.Core.Resolving.ResolveOperation.GetOrCreateInstance(ISharingLifetimeScope currentOperationScope, IComponentRegistration registration, IEnumerable`1 parameters) in C:\projects\autofac\src\Autofac\Core\Resolving\ResolveOperation.cs:line 130
   at Autofac.Core.Resolving.ResolveOperation.Execute(IComponentRegistration registration, IEnumerable`1 parameters) in C:\projects\autofac\src\Autofac\Core\Resolving\ResolveOperation.cs:line 83
   at Autofac.ResolutionExtensions.TryResolveService(IComponentContext context, Service service, IEnumerable`1 parameters, Object& instance) in C:\projects\autofac\src\Autofac\ResolutionExtensions.cs:line 1041
   at Autofac.ResolutionExtensions.ResolveService(IComponentContext context, Service service, IEnumerable`1 parameters) in C:\projects\autofac\src\Autofac\ResolutionExtensions.cs:line 871
   at Microsoft.Extensions.DependencyInjection.ServiceProviderServiceExtensions.GetRequiredService[T](IServiceProvider provider)
   at Microsoft.AspNetCore.Hosting.Internal.WebHost.EnsureServer()
   at Microsoft.AspNetCore.Hosting.Internal.WebHost.BuildApplication()
2019-04-24 14:51:14.185 +02:00 [FTL] Encountered a fatal exception, exiting program.
Autofac.Core.DependencyResolutionException: An exception was thrown while activating Microsoft.AspNetCore.Server.Kestrel.Core.KestrelServer. ---> Autofac.Core.DependencyResolutionException: An exception was thrown while invoking the constructor 'Void .ctor(Microsoft.Extensions.Options.IOptions`1[Microsoft.AspNetCore.Server.Kestrel.Core.KestrelServerOptions], Microsoft.AspNetCore.Server.Kestrel.Transport.Abstractions.Internal.ITransportFactory, Microsoft.Extensions.Logging.ILoggerFactory)' on type 'KestrelServer'. ---> Internal.Cryptography.CryptoThrowHelper+WindowsCryptographicException: Het systeem kan het opgegeven bestand niet vinden
   at Internal.Cryptography.Pal.CertificatePal.FromBlobOrFile(Byte[] rawData, String fileName, SafePasswordHandle password, X509KeyStorageFlags keyStorageFlags)
   at System.Security.Cryptography.X509Certificates.X509Certificate..ctor(String fileName, String password, X509KeyStorageFlags keyStorageFlags)
   at Be.Vlaanderen.Basisregisters.Api.DevelopmentCertificate.ToCertificate() in /root/project/src/Be.Vlaanderen.Basisregisters.Api/ProgramDefaults.cs:line 32
   at Be.Vlaanderen.Basisregisters.Api.ProgramDefaults.<>c__DisplayClass0_0`1.<UseDefaultForApi>b__0(KestrelServerOptions x) in /root/project/src/Be.Vlaanderen.Basisregisters.Api/ProgramDefaults.cs:line 97
   at Microsoft.Extensions.Options.OptionsFactory`1.Create(String name)
   at System.Lazy`1.ViaFactory(LazyThreadSafetyMode mode)
--- End of stack trace from previous location where exception was thrown ---
   at System.Lazy`1.CreateValue()
   at Microsoft.AspNetCore.Server.Kestrel.Core.KestrelServer.CreateServiceContext(IOptions`1 options, ILoggerFactory loggerFactory)
   at lambda_method(Closure , Object[] )
   at Autofac.Core.Activators.Reflection.ConstructorParameterBinding.Instantiate() in C:\projects\autofac\src\Autofac\Core\Activators\Reflection\ConstructorParameterBinding.cs:line 127
   --- End of inner exception stack trace ---
   at Autofac.Core.Activators.Reflection.ConstructorParameterBinding.Instantiate() in C:\projects\autofac\src\Autofac\Core\Activators\Reflection\ConstructorParameterBinding.cs:line 135
   at Autofac.Core.Activators.Reflection.ReflectionActivator.ActivateInstance(IComponentContext context, IEnumerable`1 parameters) in C:\projects\autofac\src\Autofac\Core\Activators\Reflection\ReflectionActivator.cs:line 120
   at Autofac.Core.Resolving.InstanceLookup.Activate(IEnumerable`1 parameters, Object& decoratorTarget) in C:\projects\autofac\src\Autofac\Core\Resolving\InstanceLookup.cs:line 118
   --- End of inner exception stack trace ---
   at Autofac.Core.Resolving.InstanceLookup.Activate(IEnumerable`1 parameters, Object& decoratorTarget) in C:\projects\autofac\src\Autofac\Core\Resolving\InstanceLookup.cs:line 136
   at Autofac.Core.Lifetime.LifetimeScope.GetOrCreateAndShare(Guid id, Func`1 creator) in C:\projects\autofac\src\Autofac\Core\Lifetime\LifetimeScope.cs:line 306
   at Autofac.Core.Resolving.InstanceLookup.Execute() in C:\projects\autofac\src\Autofac\Core\Resolving\InstanceLookup.cs:line 85
   at Autofac.Core.Resolving.ResolveOperation.GetOrCreateInstance(ISharingLifetimeScope currentOperationScope, IComponentRegistration registration, IEnumerable`1 parameters) in C:\projects\autofac\src\Autofac\Core\Resolving\ResolveOperation.cs:line 130
   at Autofac.Core.Resolving.ResolveOperation.Execute(IComponentRegistration registration, IEnumerable`1 parameters) in C:\projects\autofac\src\Autofac\Core\Resolving\ResolveOperation.cs:line 83
   at Autofac.ResolutionExtensions.TryResolveService(IComponentContext context, Service service, IEnumerable`1 parameters, Object& instance) in C:\projects\autofac\src\Autofac\ResolutionExtensions.cs:line 1041
   at Autofac.ResolutionExtensions.ResolveService(IComponentContext context, Service service, IEnumerable`1 parameters) in C:\projects\autofac\src\Autofac\ResolutionExtensions.cs:line 871
   at Microsoft.Extensions.DependencyInjection.ServiceProviderServiceExtensions.GetRequiredService[T](IServiceProvider provider)
   at Microsoft.AspNetCore.Hosting.Internal.WebHost.EnsureServer()
   at Microsoft.AspNetCore.Hosting.Internal.WebHost.BuildApplication()
   at Microsoft.AspNetCore.Hosting.Internal.WebHost.StartAsync(CancellationToken cancellationToken)
   at Microsoft.AspNetCore.Hosting.WebHostExtensions.RunAsync(IWebHost host, CancellationToken token, String shutdownMessage)
   at Microsoft.AspNetCore.Hosting.WebHostExtensions.RunAsync(IWebHost host, CancellationToken token)
   at Microsoft.AspNetCore.Hosting.WebHostExtensions.Run(IWebHost host)
   at PostalRegistry.Api.Projector.Infrastructure.Program.Main(String[] args) in D:\Git\postal-registry\src\PostalRegistry.Api.Projector\Infrastructure\Program.cs:line 12
2019-04-24 14:51:31.512 +02:00 [FTL] Application startup exception
Autofac.Core.DependencyResolutionException: An exception was thrown while activating Microsoft.AspNetCore.Server.Kestrel.Core.KestrelServer. ---> Autofac.Core.DependencyResolutionException: An exception was thrown while invoking the constructor 'Void .ctor(Microsoft.Extensions.Options.IOptions`1[Microsoft.AspNetCore.Server.Kestrel.Core.KestrelServerOptions], Microsoft.AspNetCore.Server.Kestrel.Transport.Abstractions.Internal.ITransportFactory, Microsoft.Extensions.Logging.ILoggerFactory)' on type 'KestrelServer'. ---> Internal.Cryptography.CryptoThrowHelper+WindowsCryptographicException: Het systeem kan het opgegeven bestand niet vinden
   at Internal.Cryptography.Pal.CertificatePal.FromBlobOrFile(Byte[] rawData, String fileName, SafePasswordHandle password, X509KeyStorageFlags keyStorageFlags)
   at System.Security.Cryptography.X509Certificates.X509Certificate..ctor(String fileName, String password, X509KeyStorageFlags keyStorageFlags)
   at Be.Vlaanderen.Basisregisters.Api.DevelopmentCertificate.ToCertificate() in /root/project/src/Be.Vlaanderen.Basisregisters.Api/ProgramDefaults.cs:line 32
   at Be.Vlaanderen.Basisregisters.Api.ProgramDefaults.<>c__DisplayClass0_0`1.<UseDefaultForApi>b__0(KestrelServerOptions x) in /root/project/src/Be.Vlaanderen.Basisregisters.Api/ProgramDefaults.cs:line 97
   at Microsoft.Extensions.Options.OptionsFactory`1.Create(String name)
   at System.Lazy`1.ViaFactory(LazyThreadSafetyMode mode)
   at System.Lazy`1.ExecutionAndPublication(LazyHelper executionAndPublication, Boolean useDefaultConstructor)
   at System.Lazy`1.CreateValue()
   at Microsoft.AspNetCore.Server.Kestrel.Core.KestrelServer.CreateServiceContext(IOptions`1 options, ILoggerFactory loggerFactory)
   at lambda_method(Closure , Object[] )
   at Autofac.Core.Activators.Reflection.ConstructorParameterBinding.Instantiate() in C:\projects\autofac\src\Autofac\Core\Activators\Reflection\ConstructorParameterBinding.cs:line 127
   --- End of inner exception stack trace ---
   at Autofac.Core.Activators.Reflection.ConstructorParameterBinding.Instantiate() in C:\projects\autofac\src\Autofac\Core\Activators\Reflection\ConstructorParameterBinding.cs:line 135
   at Autofac.Core.Activators.Reflection.ReflectionActivator.ActivateInstance(IComponentContext context, IEnumerable`1 parameters) in C:\projects\autofac\src\Autofac\Core\Activators\Reflection\ReflectionActivator.cs:line 120
   at Autofac.Core.Resolving.InstanceLookup.Activate(IEnumerable`1 parameters, Object& decoratorTarget) in C:\projects\autofac\src\Autofac\Core\Resolving\InstanceLookup.cs:line 118
   --- End of inner exception stack trace ---
   at Autofac.Core.Resolving.InstanceLookup.Activate(IEnumerable`1 parameters, Object& decoratorTarget) in C:\projects\autofac\src\Autofac\Core\Resolving\InstanceLookup.cs:line 136
   at Autofac.Core.Lifetime.LifetimeScope.GetOrCreateAndShare(Guid id, Func`1 creator) in C:\projects\autofac\src\Autofac\Core\Lifetime\LifetimeScope.cs:line 306
   at Autofac.Core.Resolving.InstanceLookup.Execute() in C:\projects\autofac\src\Autofac\Core\Resolving\InstanceLookup.cs:line 85
   at Autofac.Core.Resolving.ResolveOperation.GetOrCreateInstance(ISharingLifetimeScope currentOperationScope, IComponentRegistration registration, IEnumerable`1 parameters) in C:\projects\autofac\src\Autofac\Core\Resolving\ResolveOperation.cs:line 130
   at Autofac.Core.Resolving.ResolveOperation.Execute(IComponentRegistration registration, IEnumerable`1 parameters) in C:\projects\autofac\src\Autofac\Core\Resolving\ResolveOperation.cs:line 83
   at Autofac.ResolutionExtensions.TryResolveService(IComponentContext context, Service service, IEnumerable`1 parameters, Object& instance) in C:\projects\autofac\src\Autofac\ResolutionExtensions.cs:line 1041
   at Autofac.ResolutionExtensions.ResolveService(IComponentContext context, Service service, IEnumerable`1 parameters) in C:\projects\autofac\src\Autofac\ResolutionExtensions.cs:line 871
   at Microsoft.Extensions.DependencyInjection.ServiceProviderServiceExtensions.GetRequiredService[T](IServiceProvider provider)
   at Microsoft.AspNetCore.Hosting.Internal.WebHost.EnsureServer()
   at Microsoft.AspNetCore.Hosting.Internal.WebHost.BuildApplication()
2019-04-24 14:51:31.594 +02:00 [FTL] Encountered a fatal exception, exiting program.
Autofac.Core.DependencyResolutionException: An exception was thrown while activating Microsoft.AspNetCore.Server.Kestrel.Core.KestrelServer. ---> Autofac.Core.DependencyResolutionException: An exception was thrown while invoking the constructor 'Void .ctor(Microsoft.Extensions.Options.IOptions`1[Microsoft.AspNetCore.Server.Kestrel.Core.KestrelServerOptions], Microsoft.AspNetCore.Server.Kestrel.Transport.Abstractions.Internal.ITransportFactory, Microsoft.Extensions.Logging.ILoggerFactory)' on type 'KestrelServer'. ---> Internal.Cryptography.CryptoThrowHelper+WindowsCryptographicException: Het systeem kan het opgegeven bestand niet vinden
   at Internal.Cryptography.Pal.CertificatePal.FromBlobOrFile(Byte[] rawData, String fileName, SafePasswordHandle password, X509KeyStorageFlags keyStorageFlags)
   at System.Security.Cryptography.X509Certificates.X509Certificate..ctor(String fileName, String password, X509KeyStorageFlags keyStorageFlags)
   at Be.Vlaanderen.Basisregisters.Api.DevelopmentCertificate.ToCertificate() in /root/project/src/Be.Vlaanderen.Basisregisters.Api/ProgramDefaults.cs:line 32
   at Be.Vlaanderen.Basisregisters.Api.ProgramDefaults.<>c__DisplayClass0_0`1.<UseDefaultForApi>b__0(KestrelServerOptions x) in /root/project/src/Be.Vlaanderen.Basisregisters.Api/ProgramDefaults.cs:line 97
   at Microsoft.Extensions.Options.OptionsFactory`1.Create(String name)
   at System.Lazy`1.ViaFactory(LazyThreadSafetyMode mode)
--- End of stack trace from previous location where exception was thrown ---
   at System.Lazy`1.CreateValue()
   at Microsoft.AspNetCore.Server.Kestrel.Core.KestrelServer.CreateServiceContext(IOptions`1 options, ILoggerFactory loggerFactory)
   at lambda_method(Closure , Object[] )
   at Autofac.Core.Activators.Reflection.ConstructorParameterBinding.Instantiate() in C:\projects\autofac\src\Autofac\Core\Activators\Reflection\ConstructorParameterBinding.cs:line 127
   --- End of inner exception stack trace ---
   at Autofac.Core.Activators.Reflection.ConstructorParameterBinding.Instantiate() in C:\projects\autofac\src\Autofac\Core\Activators\Reflection\ConstructorParameterBinding.cs:line 135
   at Autofac.Core.Activators.Reflection.ReflectionActivator.ActivateInstance(IComponentContext context, IEnumerable`1 parameters) in C:\projects\autofac\src\Autofac\Core\Activators\Reflection\ReflectionActivator.cs:line 120
   at Autofac.Core.Resolving.InstanceLookup.Activate(IEnumerable`1 parameters, Object& decoratorTarget) in C:\projects\autofac\src\Autofac\Core\Resolving\InstanceLookup.cs:line 118
   --- End of inner exception stack trace ---
   at Autofac.Core.Resolving.InstanceLookup.Activate(IEnumerable`1 parameters, Object& decoratorTarget) in C:\projects\autofac\src\Autofac\Core\Resolving\InstanceLookup.cs:line 136
   at Autofac.Core.Lifetime.LifetimeScope.GetOrCreateAndShare(Guid id, Func`1 creator) in C:\projects\autofac\src\Autofac\Core\Lifetime\LifetimeScope.cs:line 306
   at Autofac.Core.Resolving.InstanceLookup.Execute() in C:\projects\autofac\src\Autofac\Core\Resolving\InstanceLookup.cs:line 85
   at Autofac.Core.Resolving.ResolveOperation.GetOrCreateInstance(ISharingLifetimeScope currentOperationScope, IComponentRegistration registration, IEnumerable`1 parameters) in C:\projects\autofac\src\Autofac\Core\Resolving\ResolveOperation.cs:line 130
   at Autofac.Core.Resolving.ResolveOperation.Execute(IComponentRegistration registration, IEnumerable`1 parameters) in C:\projects\autofac\src\Autofac\Core\Resolving\ResolveOperation.cs:line 83
   at Autofac.ResolutionExtensions.TryResolveService(IComponentContext context, Service service, IEnumerable`1 parameters, Object& instance) in C:\projects\autofac\src\Autofac\ResolutionExtensions.cs:line 1041
   at Autofac.ResolutionExtensions.ResolveService(IComponentContext context, Service service, IEnumerable`1 parameters) in C:\projects\autofac\src\Autofac\ResolutionExtensions.cs:line 871
   at Microsoft.Extensions.DependencyInjection.ServiceProviderServiceExtensions.GetRequiredService[T](IServiceProvider provider)
   at Microsoft.AspNetCore.Hosting.Internal.WebHost.EnsureServer()
   at Microsoft.AspNetCore.Hosting.Internal.WebHost.BuildApplication()
   at Microsoft.AspNetCore.Hosting.Internal.WebHost.StartAsync(CancellationToken cancellationToken)
   at Microsoft.AspNetCore.Hosting.WebHostExtensions.RunAsync(IWebHost host, CancellationToken token, String shutdownMessage)
   at Microsoft.AspNetCore.Hosting.WebHostExtensions.RunAsync(IWebHost host, CancellationToken token)
   at Microsoft.AspNetCore.Hosting.WebHostExtensions.Run(IWebHost host)
   at PostalRegistry.Api.Projector.Infrastructure.Program.Main(String[] args) in D:\Git\postal-registry\src\PostalRegistry.Api.Projector\Infrastructure\Program.cs:line 12
2019-04-24 14:52:46.891 +02:00 [WRN] Overriding address(es) 'http://localhost:5000/'. Binding to endpoints defined in UseKestrel() instead.
